2019-03-04T01:55:41+00:00 LTP3-LAPTOP#02 I: Start test suite:1:abs_pos.
2019-03-04T01:55:41+00:00 LTP3-LAPTOP#02 I: Test suite:1:abs_pos is successful.
2019-03-04T01:55:41+00:00 LTP3-LAPTOP#02 I: End test suite:1:abs_pos.
2019-03-04T01:55:41+00:00 LTP3-LAPTOP#02 I: Start test suite:5:subs.
2019-03-04T01:55:41+00:00 LTP3-LAPTOP#02 I: Test suite:5:subs is successful.
2019-03-04T01:55:41+00:00 LTP3-LAPTOP#02 I: End test suite:5:subs.
2019-03-04T01:55:41+00:00 LTP3-LAPTOP#02 I: Start test suite:6:mults.
2019-03-04T01:55:41+00:00 LTP3-LAPTOP#02 I: Test suite:6:mults is successful.
2019-03-04T01:55:41+00:00 LTP3-LAPTOP#02 I: End test suite:6:mults.
2019-03-04T01:55:41+00:00 LTP3-LAPTOP#02 I: Start test suite:10:emptylist.
2019-03-04T01:55:41+00:00 LTP3-LAPTOP#02 I: Test suite:10:emptylist is successful.
2019-03-04T01:55:41+00:00 LTP3-LAPTOP#02 I: End test suite:10:emptylist.
2019-03-04T01:55:41+00:00 LTP3-LAPTOP#02 I: Start test suite:12:cons_list.
2019-03-04T01:55:41+00:00 LTP3-LAPTOP#02 I: Test suite:12:cons_list is successful.
2019-03-04T01:55:41+00:00 LTP3-LAPTOP#02 I: End test suite:12:cons_list.
2019-03-04T01:55:41+00:00 LTP3-LAPTOP#02 I: Start test suite:16:tl_list1.
2019-03-04T01:55:41+00:00 LTP3-LAPTOP#02 I: Test suite:16:tl_list1 is successful.
2019-03-04T01:55:41+00:00 LTP3-LAPTOP#02 I: End test suite:16:tl_list1.
2019-03-04T01:55:41+00:00 LTP3-LAPTOP#02 I: Start test suite:18:null_true.
2019-03-04T01:55:41+00:00 LTP3-LAPTOP#02 I: Test suite:18:null_true is successful.
2019-03-04T01:55:41+00:00 LTP3-LAPTOP#02 I: End test suite:18:null_true.
